<?xml version="1.0" encoding="UTF-8"?>
<!-- Generated by org.testng.reporters.JUnitReportReporter -->
<testsuite hostname="DESKTOP-3LKDKLS" failures="0" tests="1" name="testLayer.LoginTest" time="5.442" errors="0" timestamp="2023-06-05T21:14:47 CEST" skipped="0">
  <testcase classname="testLayer.LoginTest" name="validateTitle" time="5.442"/>
</testsuite> <!-- testLayer.LoginTest -->
